\BOOKMARK [0][-]{chapter.1}{cloud computing}{}% 1
\BOOKMARK [1][-]{section.1.1}{introduction}{chapter.1}% 2
\BOOKMARK [1][-]{section.1.2}{Concepts et technologies \340 l'origine du \253 Cloud Computing \273 :}{chapter.1}% 3
\BOOKMARK [2][-]{subsection.1.2.1}{L'informatique utilitaire de John McCarthy :}{section.1.2}% 4
\BOOKMARK [2][-]{subsection.1.2.2}{Le concept de \253 grille informatique \273 :}{section.1.2}% 5
\BOOKMARK [2][-]{subsection.1.2.3}{Le concept de \253 ferme de serveurs \273 :}{section.1.2}% 6
\BOOKMARK [2][-]{subsection.1.2.4}{Les fournisseurs de services d'application :}{section.1.2}% 7
\BOOKMARK [2][-]{subsection.1.2.5}{La virtualisation :}{section.1.2}% 8
\BOOKMARK [1][-]{section.1.3}{D\351finition }{chapter.1}% 9
\BOOKMARK [1][-]{section.1.4}{L'\351volution de Cloud computing:}{chapter.1}% 10
\BOOKMARK [1][-]{section.1.5}{Les caract\351ristiques essentielles de cloud computing :}{chapter.1}% 11
\BOOKMARK [2][-]{subsection.1.5.1}{Self-service \340 la demande :}{section.1.5}% 12
\BOOKMARK [2][-]{subsection.1.5.2}{Elasticit\351 et rapidit\351 :}{section.1.5}% 13
\BOOKMARK [2][-]{subsection.1.5.3}{Acc\350s aux ressources :}{section.1.5}% 14
\BOOKMARK [2][-]{subsection.1.5.4}{Allocation des ressources :}{section.1.5}% 15
\BOOKMARK [2][-]{subsection.1.5.5}{Mesure du service :}{section.1.5}% 16
\BOOKMARK [1][-]{section.1.6}{Taxonomie du cloud computing:}{chapter.1}% 17
\BOOKMARK [2][-]{subsection.1.6.1}{ raison de d\351veloppement :}{section.1.6}% 18
\BOOKMARK [2][-]{subsection.1.6.2}{Le modele de services:}{section.1.6}% 19
\BOOKMARK [2][-]{subsection.1.6.3}{L'accessibilit\351 :}{section.1.6}% 20
\BOOKMARK [1][-]{section.1.7}{providers cloud computing }{chapter.1}% 21
\BOOKMARK [2][-]{subsection.1.7.1}{Amazon :}{section.1.7}% 22
\BOOKMARK [2][-]{subsection.1.7.2}{Salesforce :}{section.1.7}% 23
\BOOKMARK [2][-]{subsection.1.7.3}{Google AppEngine :}{section.1.7}% 24
\BOOKMARK [2][-]{subsection.1.7.4}{Windows Azure :}{section.1.7}% 25
\BOOKMARK [1][-]{section.1.8}{Conclusion : }{chapter.1}% 26
\BOOKMARK [0][-]{chapter.2}{D\351ploiement d'applications}{}% 27
\BOOKMARK [1][-]{section.2.1}{Introduction}{chapter.2}% 28
\BOOKMARK [1][-]{section.2.2}{D\351finition du d\351ploiement automatique}{chapter.2}% 29
\BOOKMARK [2][-]{subsection.2.2.1}{D\351finition de C. Szyperski}{section.2.2}% 30
\BOOKMARK [2][-]{subsection.2.2.2}{D\351finition de l'Object Management Group}{section.2.2}% 31
\BOOKMARK [2][-]{subsection.2.2.3}{D\351finition de l'Universit\351 du Colorado}{section.2.2}% 32
\BOOKMARK [0][-]{chapter.3}{Impl\351mentation}{}% 33
\BOOKMARK [1][-]{section.3.1}{Introduction}{chapter.3}% 34
\BOOKMARK [1][-]{section.3.2}{Notions g\351n\351rales}{chapter.3}% 35
\BOOKMARK [2][-]{subsection.3.2.1}{Aspect syntaxique}{section.3.2}% 36
